2025-03-04 21:09:40.076 [main] WARN  com.alibaba.nacos.client.logging.NacosLogging - Load Logback Configuration of Nacos fail, message: Could not initialize Logback Nacos logging from classpath:nacos-logback.xml
2025-03-04 21:09:40.123 [main] WARN  com.alibaba.nacos.client.logging.NacosLogging - Load Logback Configuration of Nacos fail, message: Could not initialize Logback Nacos logging from classpath:nacos-logback.xml
2025-03-04 21:09:40.548 [main] WARN  com.alibaba.nacos.client.logging.NacosLogging - Load Logback Configuration of Nacos fail, message: Could not initialize Logback Nacos logging from classpath:nacos-logback.xml
2025-03-04 21:09:40.558 [main] WARN  com.alibaba.nacos.client.logging.NacosLogging - Load Logback Configuration of Nacos fail, message: Could not initialize Logback Nacos logging from classpath:nacos-logback.xml
2025-03-04 21:09:40.558 [main] INFO  com.coder.mall.kv.biz.MallKVBizApplication - The following 1 profile is active: "dev"
2025-03-04 21:09:40.997 [main] INFO  o.s.d.r.config.RepositoryConfigurationDelegate - Bootstrapping Spring Data Reactive Cassandra repositories in DEFAULT mode.
2025-03-04 21:09:41.081 [main] INFO  o.s.d.r.config.RepositoryConfigurationDelegate - Finished Spring Data repository scanning in 80 ms. Found 0 Reactive Cassandra repository interfaces.
2025-03-04 21:09:41.082 [main] INFO  o.s.d.r.config.RepositoryConfigurationDelegate - Bootstrapping Spring Data Cassandra repositories in DEFAULT mode.
2025-03-04 21:09:41.093 [main] INFO  o.s.d.r.config.RepositoryConfigurationDelegate - Finished Spring Data repository scanning in 10 ms. Found 1 Cassandra repository interfaces.
2025-03-04 21:09:41.200 [main] INFO  o.springframework.cloud.context.scope.GenericScope - BeanFactory id=f719ed31-5fd0-3fef-aeab-7f031b7d20a3
2025-03-04 21:09:41.461 [main] INFO  o.s.boot.web.embedded.tomcat.TomcatWebServer - Tomcat initialized with port(s): 8084 (http)
2025-03-04 21:09:41.468 [main] INFO  org.apache.catalina.core.StandardService - Starting service [Tomcat]
2025-03-04 21:09:41.468 [main] INFO  org.apache.catalina.core.StandardEngine - Starting Servlet engine: [Apache Tomcat/10.1.5]
2025-03-04 21:09:41.541 [main] INFO  o.a.c.core.ContainerBase.[Tomcat].[localhost].[/] - Initializing Spring embedded WebApplicationContext
2025-03-04 21:09:41.542 [main] INFO  o.s.b.w.s.c.ServletWebServerApplicationContext - Root WebApplicationContext: initialization completed in 973 ms
2025-03-04 21:09:41.791 [main] INFO  c.d.o.driver.internal.core.DefaultMavenCoordinates - DataStax Java driver for Apache Cassandra(R) (com.datastax.oss:java-driver-core) version 4.15.0
2025-03-04 21:09:42.125 [s0-admin-0] INFO  com.datastax.oss.driver.internal.core.time.Clock - Using native clock for microsecond precision
2025-03-04 21:09:42.522 [s1-admin-0] INFO  com.datastax.oss.driver.internal.core.time.Clock - Using native clock for microsecond precision
2025-03-04 21:09:42.857 [main] WARN  o.s.core.LocalVariableTableParameterNameDiscoverer - Using deprecated '-debug' fallback for parameter name resolution. Compile the affected code with '-parameters' instead or avoid its introspection: com.coder.mall.kv.biz.domain.repository.CommentContentRepository
2025-03-04 21:09:43.612 [main] WARN  o.s.c.l.c.LoadBalancerCacheAutoConfiguration$LoadBalancerCaffeineWarnLogger - Spring Cloud LoadBalancer is currently working with the default cache. While this cache implementation is useful for development and tests, it's recommended to use Caffeine cache in production.You can switch to using Caffeine cache, by adding it and org.springframework.cache.caffeine.CaffeineCacheManager to the classpath.
2025-03-04 21:09:43.663 [main] INFO  o.s.boot.web.embedded.tomcat.TomcatWebServer - Tomcat started on port(s): 8084 (http) with context path ''
2025-03-04 21:09:43.668 [main] WARN  com.alibaba.nacos.client.logging.NacosLogging - Load Logback Configuration of Nacos fail, message: Could not initialize Logback Nacos logging from classpath:nacos-logback.xml
2025-03-04 21:09:43.669 [main] INFO  com.alibaba.nacos.client.naming - initializer namespace from ans.namespace attribute : null
2025-03-04 21:09:43.669 [main] INFO  com.alibaba.nacos.client.naming - initializer namespace from ALIBABA_ALIWARE_NAMESPACE attribute :null
2025-03-04 21:09:43.669 [main] INFO  com.alibaba.nacos.client.naming - initializer namespace from namespace attribute :null
2025-03-04 21:09:43.686 [main] INFO  com.alibaba.nacos.client.utils.ParamUtil - [settings] [req-serv] nacos-server port:8848
2025-03-04 21:09:43.686 [main] INFO  com.alibaba.nacos.client.utils.ParamUtil - [settings] [http-client] connect timeout:1000
2025-03-04 21:09:43.687 [main] INFO  com.alibaba.nacos.client.utils.ParamUtil - PER_TASK_CONFIG_SIZE: 3000.0
2025-03-04 21:09:43.691 [main] INFO  c.a.n.p.auth.spi.client.ClientAuthPluginManager - [ClientAuthPluginManager] Load ClientAuthService com.alibaba.nacos.client.auth.impl.NacosClientAuthServiceImpl success.
2025-03-04 21:09:43.691 [main] INFO  c.a.n.p.auth.spi.client.ClientAuthPluginManager - [ClientAuthPluginManager] Load ClientAuthService com.alibaba.nacos.client.auth.ram.RamClientAuthServiceImpl success.
2025-03-04 21:09:43.693 [main] INFO  c.a.n.client.auth.ram.identify.CredentialWatcher - null No credential found
2025-03-04 21:09:43.701 [main] INFO  com.alibaba.nacos.common.remote.client - [RpcClientFactory] create a new rpc client of 8ecc12e8-ecd9-4182-a283-1ec5abdc1a29
2025-03-04 21:09:43.716 [main] INFO  com.alibaba.nacos.common.remote.client - [8ecc12e8-ecd9-4182-a283-1ec5abdc1a29] RpcClient init, ServerListFactory = com.alibaba.nacos.client.naming.core.ServerListManager
2025-03-04 21:09:43.716 [main] INFO  com.alibaba.nacos.common.remote.client - [8ecc12e8-ecd9-4182-a283-1ec5abdc1a29] Registry connection listener to current client:com.alibaba.nacos.client.naming.remote.gprc.redo.NamingGrpcRedoService
2025-03-04 21:09:43.716 [main] INFO  com.alibaba.nacos.common.remote.client - [8ecc12e8-ecd9-4182-a283-1ec5abdc1a29] Register server push request handler:com.alibaba.nacos.client.naming.remote.gprc.NamingPushRequestHandler
2025-03-04 21:09:43.718 [main] INFO  com.alibaba.nacos.common.remote.client - [8ecc12e8-ecd9-4182-a283-1ec5abdc1a29] Try to connect to server on start up, server: {serverIp = '127.0.0.1', server main port = 8848}
2025-03-04 21:09:43.739 [main] INFO  c.a.nacos.common.remote.client.grpc.GrpcClient - grpc client connection server:127.0.0.1 ip,serverPort:9848,grpcTslConfig:{"sslProvider":"OPENSSL","enableTls":false,"mutualAuthEnable":false,"trustAll":false}
2025-03-04 21:09:44.560 [main] INFO  com.alibaba.nacos.common.remote.client - [8ecc12e8-ecd9-4182-a283-1ec5abdc1a29] Success to connect to server [127.0.0.1:8848] on start up, connectionId = 1741093781993_172.17.0.1_46690
2025-03-04 21:09:44.561 [com.alibaba.nacos.client.remote.worker] INFO  com.alibaba.nacos.common.remote.client - [8ecc12e8-ecd9-4182-a283-1ec5abdc1a29] Notify connected event to listeners.
2025-03-04 21:09:44.561 [com.alibaba.nacos.client.remote.worker] INFO  com.alibaba.nacos.client.naming - Grpc connection connect
2025-03-04 21:09:44.561 [main] INFO  com.alibaba.nacos.common.remote.client - [8ecc12e8-ecd9-4182-a283-1ec5abdc1a29] Register server push request handler:com.alibaba.nacos.common.remote.client.RpcClient$ConnectResetRequestHandler
2025-03-04 21:09:44.561 [main] INFO  com.alibaba.nacos.common.remote.client - [8ecc12e8-ecd9-4182-a283-1ec5abdc1a29] Register server push request handler:com.alibaba.nacos.common.remote.client.RpcClient$$Lambda$1541/0x00000178d09270a0
2025-03-04 21:09:44.562 [main] INFO  com.alibaba.nacos.client.naming - [REGISTER-SERVICE] mall registering service mall-kv with instance Instance{instanceId='null', ip='192.168.32.1', port=8084, weight=1.0, healthy=true, enabled=true, ephemeral=true, clusterName='DEFAULT', serviceName='null', metadata={IPv6=[2001:250:7401:5011:0:0:0:3ed0], preserved.register.source=SPRING_CLOUD}}
2025-03-04 21:09:44.586 [main] INFO  c.a.cloud.nacos.registry.NacosServiceRegistry - nacos registry, DEFAULT_GROUP mall-kv 192.168.32.1:8084 register finished
2025-03-04 21:09:44.746 [main] INFO  com.coder.mall.kv.biz.MallKVBizApplication - Started MallKVBizApplication in 5.25 seconds (process running for 5.659)
2025-03-04 21:20:35.472 [http-nio-8084-exec-1] INFO  o.a.c.core.ContainerBase.[Tomcat].[localhost].[/] - Initializing Spring DispatcherServlet 'dispatcherServlet'
2025-03-04 21:20:35.472 [http-nio-8084-exec-1] INFO  org.springframework.web.servlet.DispatcherServlet - Initializing Servlet 'dispatcherServlet'
2025-03-04 21:20:35.473 [http-nio-8084-exec-1] INFO  org.springframework.web.servlet.DispatcherServlet - Completed initialization in 1 ms
2025-03-04 21:20:35.566 [http-nio-8084-exec-1] INFO  c.c.f.b.operationlog.aspect.ApiOperationLogAspect - ====== 请求开始: [批量存储评论内容], 入参: {"comments":[{"productId":99,"yearMonth":"2025-03","contentId":"bf6e71dd-7209-4d82-b61e-69e533b4da55","content":"评论内容"}]}, 请求类: CommentContentController, 请求方法: batchAddCommentContent =================================== 
2025-03-04 21:20:35.663 [http-nio-8084-exec-1] INFO  c.c.f.b.operationlog.aspect.ApiOperationLogAspect - ====== 请求结束: [批量存储评论内容], 耗时: 97ms, 出参: {"success":true,"message":null,"errorCode":null,"data":null,"timestamp":1741123235661} =================================== 
2025-03-04 21:20:39.147 [http-nio-8084-exec-2] INFO  c.c.f.b.operationlog.aspect.ApiOperationLogAspect - ====== 请求开始: [批量存储评论内容], 入参: {"comments":[{"productId":99,"yearMonth":"2025-03","contentId":"f76820be-a509-4b28-84f6-2cb8268f9f4c","content":"评论内容"}]}, 请求类: CommentContentController, 请求方法: batchAddCommentContent =================================== 
2025-03-04 21:20:39.152 [http-nio-8084-exec-2] INFO  c.c.f.b.operationlog.aspect.ApiOperationLogAspect - ====== 请求结束: [批量存储评论内容], 耗时: 5ms, 出参: {"success":true,"message":null,"errorCode":null,"data":null,"timestamp":1741123239152} =================================== 
2025-03-04 21:20:45.647 [http-nio-8084-exec-3] INFO  c.c.f.b.operationlog.aspect.ApiOperationLogAspect - ====== 请求开始: [批量查询评论内容], 入参: {"productId":99,"commentContentKeys":[{"yearMonth":"2025-03","contentId":"bf6e71dd-7209-4d82-b61e-69e533b4da55"},{"yearMonth":"2025-03","contentId":"f76820be-a509-4b28-84f6-2cb8268f9f4c"}]}, 请求类: CommentContentController, 请求方法: batchFindCommentContent =================================== 
2025-03-04 21:20:45.716 [http-nio-8084-exec-3] INFO  c.c.f.b.operationlog.aspect.ApiOperationLogAspect - ====== 请求结束: [批量查询评论内容], 耗时: 68ms, 出参: {"success":true,"message":null,"errorCode":null,"data":[{"contentId":"bf6e71dd-7209-4d82-b61e-69e533b4da55","content":"评论内容"},{"contentId":"f76820be-a509-4b28-84f6-2cb8268f9f4c","content":"评论内容"}],"timestamp":1741123245715} =================================== 
2025-03-04 21:21:07.953 [http-nio-8084-exec-4] INFO  c.c.f.b.operationlog.aspect.ApiOperationLogAspect - ====== 请求开始: [批量存储评论内容], 入参: {"comments":[{"productId":99,"yearMonth":"2025-03","contentId":"72f353f6-5fbd-41d8-a464-8dfbb8f9c786","content":"评论内容"}]}, 请求类: CommentContentController, 请求方法: batchAddCommentContent =================================== 
2025-03-04 21:21:07.957 [http-nio-8084-exec-4] INFO  c.c.f.b.operationlog.aspect.ApiOperationLogAspect - ====== 请求结束: [批量存储评论内容], 耗时: 4ms, 出参: {"success":true,"message":null,"errorCode":null,"data":null,"timestamp":1741123267957} =================================== 
2025-03-04 21:21:10.275 [http-nio-8084-exec-5] INFO  c.c.f.b.operationlog.aspect.ApiOperationLogAspect - ====== 请求开始: [批量查询评论内容], 入参: {"productId":99,"commentContentKeys":[{"yearMonth":"2025-03","contentId":"bf6e71dd-7209-4d82-b61e-69e533b4da55"},{"yearMonth":"2025-03","contentId":"f76820be-a509-4b28-84f6-2cb8268f9f4c"}]}, 请求类: CommentContentController, 请求方法: batchFindCommentContent =================================== 
2025-03-04 21:21:10.281 [http-nio-8084-exec-5] INFO  c.c.f.b.operationlog.aspect.ApiOperationLogAspect - ====== 请求结束: [批量查询评论内容], 耗时: 6ms, 出参: {"success":true,"message":null,"errorCode":null,"data":[{"contentId":"bf6e71dd-7209-4d82-b61e-69e533b4da55","content":"评论内容"},{"contentId":"f76820be-a509-4b28-84f6-2cb8268f9f4c","content":"评论内容"}],"timestamp":1741123270281} =================================== 
2025-03-04 21:23:32.919 [http-nio-8084-exec-7] INFO  c.c.f.b.operationlog.aspect.ApiOperationLogAspect - ====== 请求开始: [批量存储评论内容], 入参: {"comments":[{"productId":1,"yearMonth":"2025-03","contentId":"b6861272-bbbb-413b-97dc-f22e51b4919a","content":"评论内容"}]}, 请求类: CommentContentController, 请求方法: batchAddCommentContent =================================== 
2025-03-04 21:23:32.924 [http-nio-8084-exec-7] INFO  c.c.f.b.operationlog.aspect.ApiOperationLogAspect - ====== 请求结束: [批量存储评论内容], 耗时: 5ms, 出参: {"success":true,"message":null,"errorCode":null,"data":null,"timestamp":1741123412924} =================================== 
2025-03-04 21:24:09.004 [http-nio-8084-exec-8] INFO  c.c.f.b.operationlog.aspect.ApiOperationLogAspect - ====== 请求开始: [批量查询评论内容], 入参: {"productId":1,"commentContentKeys":[{"yearMonth":"2025-03","contentId":"b6861272-bbbb-413b-97dc-f22e51b4919a"}]}, 请求类: CommentContentController, 请求方法: batchFindCommentContent =================================== 
2025-03-04 21:24:09.009 [http-nio-8084-exec-8] INFO  c.c.f.b.operationlog.aspect.ApiOperationLogAspect - ====== 请求结束: [批量查询评论内容], 耗时: 5ms, 出参: {"success":true,"message":null,"errorCode":null,"data":[{"contentId":"b6861272-bbbb-413b-97dc-f22e51b4919a","content":"评论内容"}],"timestamp":1741123449009} =================================== 
2025-03-04 21:24:17.451 [http-nio-8084-exec-10] INFO  c.c.f.b.operationlog.aspect.ApiOperationLogAspect - ====== 请求开始: [批量查询评论内容], 入参: {"productId":99,"commentContentKeys":[{"yearMonth":"2025-03","contentId":"bf6e71dd-7209-4d82-b61e-69e533b4da55"},{"yearMonth":"2025-03","contentId":"f76820be-a509-4b28-84f6-2cb8268f9f4c"}]}, 请求类: CommentContentController, 请求方法: batchFindCommentContent =================================== 
2025-03-04 21:24:17.456 [http-nio-8084-exec-10] INFO  c.c.f.b.operationlog.aspect.ApiOperationLogAspect - ====== 请求结束: [批量查询评论内容], 耗时: 5ms, 出参: {"success":true,"message":null,"errorCode":null,"data":[{"contentId":"bf6e71dd-7209-4d82-b61e-69e533b4da55","content":"评论内容"},{"contentId":"f76820be-a509-4b28-84f6-2cb8268f9f4c","content":"评论内容"}],"timestamp":1741123457456} =================================== 
2025-03-04 21:24:30.078 [http-nio-8084-exec-9] INFO  c.c.f.b.operationlog.aspect.ApiOperationLogAspect - ====== 请求开始: [批量查询评论内容], 入参: {"productId":99,"commentContentKeys":[{"yearMonth":"2025-03","contentId":"72f353f6-5fbd-41d8-a464-8dfbb8f9c786"}]}, 请求类: CommentContentController, 请求方法: batchFindCommentContent =================================== 
2025-03-04 21:24:30.083 [http-nio-8084-exec-9] INFO  c.c.f.b.operationlog.aspect.ApiOperationLogAspect - ====== 请求结束: [批量查询评论内容], 耗时: 5ms, 出参: {"success":true,"message":null,"errorCode":null,"data":[{"contentId":"72f353f6-5fbd-41d8-a464-8dfbb8f9c786","content":"评论内容"}],"timestamp":1741123470083} =================================== 
2025-03-04 21:24:40.595 [http-nio-8084-exec-1] INFO  c.c.f.b.operationlog.aspect.ApiOperationLogAspect - ====== 请求开始: [批量存储评论内容], 入参: {"comments":[{"productId":1,"yearMonth":"2025-03","contentId":"9287d1ee-be31-44d4-9c3c-da352d8af896","content":"评论内容"}]}, 请求类: CommentContentController, 请求方法: batchAddCommentContent =================================== 
2025-03-04 21:24:40.600 [http-nio-8084-exec-1] INFO  c.c.f.b.operationlog.aspect.ApiOperationLogAspect - ====== 请求结束: [批量存储评论内容], 耗时: 5ms, 出参: {"success":true,"message":null,"errorCode":null,"data":null,"timestamp":1741123480600} =================================== 
2025-03-04 21:24:42.721 [http-nio-8084-exec-2] INFO  c.c.f.b.operationlog.aspect.ApiOperationLogAspect - ====== 请求开始: [批量查询评论内容], 入参: {"productId":1,"commentContentKeys":[{"yearMonth":"2025-03","contentId":"72f353f6-5fbd-41d8-a464-8dfbb8f9c786"},{"yearMonth":"2025-03","contentId":"9287d1ee-be31-44d4-9c3c-da352d8af896"}]}, 请求类: CommentContentController, 请求方法: batchFindCommentContent =================================== 
2025-03-04 21:24:42.725 [http-nio-8084-exec-2] INFO  c.c.f.b.operationlog.aspect.ApiOperationLogAspect - ====== 请求结束: [批量查询评论内容], 耗时: 4ms, 出参: {"success":true,"message":null,"errorCode":null,"data":[{"contentId":"9287d1ee-be31-44d4-9c3c-da352d8af896","content":"评论内容"}],"timestamp":1741123482725} =================================== 
2025-03-04 21:24:53.591 [http-nio-8084-exec-3] INFO  c.c.f.b.operationlog.aspect.ApiOperationLogAspect - ====== 请求开始: [删除评论内容], 入参: {"productId":1,"yearMonth":"2025-03","contentId":"9287d1ee-be31-44d4-9c3c-da352d8af896"}, 请求类: CommentContentController, 请求方法: deleteCommentContent =================================== 
2025-03-04 21:24:53.602 [http-nio-8084-exec-3] INFO  c.c.f.b.operationlog.aspect.ApiOperationLogAspect - ====== 请求结束: [删除评论内容], 耗时: 11ms, 出参: {"success":true,"message":null,"errorCode":null,"data":null,"timestamp":1741123493602} =================================== 
2025-03-04 21:24:56.706 [http-nio-8084-exec-4] INFO  c.c.f.b.operationlog.aspect.ApiOperationLogAspect - ====== 请求开始: [批量查询评论内容], 入参: {"productId":99,"commentContentKeys":[{"yearMonth":"2025-03","contentId":"72f353f6-5fbd-41d8-a464-8dfbb8f9c786"}]}, 请求类: CommentContentController, 请求方法: batchFindCommentContent =================================== 
2025-03-04 21:24:56.711 [http-nio-8084-exec-4] INFO  c.c.f.b.operationlog.aspect.ApiOperationLogAspect - ====== 请求结束: [批量查询评论内容], 耗时: 5ms, 出参: {"success":true,"message":null,"errorCode":null,"data":[{"contentId":"72f353f6-5fbd-41d8-a464-8dfbb8f9c786","content":"评论内容"}],"timestamp":1741123496711} =================================== 
2025-03-04 21:30:07.849 [Thread-24] WARN  c.alibaba.nacos.common.http.HttpClientBeanHolder - [HttpClientBeanHolder] Start destroying common HttpClient
2025-03-04 21:30:07.849 [Thread-21] WARN  com.alibaba.nacos.common.notify.NotifyCenter - [NotifyCenter] Start destroying Publisher
2025-03-04 21:30:07.850 [Thread-21] WARN  com.alibaba.nacos.common.notify.NotifyCenter - [NotifyCenter] Destruction of the end
2025-03-04 21:30:07.850 [Thread-24] WARN  c.alibaba.nacos.common.http.HttpClientBeanHolder - [HttpClientBeanHolder] Destruction of the end
2025-03-04 21:30:09.982 [SpringApplicationShutdownHook] INFO  c.a.cloud.nacos.registry.NacosServiceRegistry - De-registering from Nacos Server now...
2025-03-04 21:30:09.983 [SpringApplicationShutdownHook] INFO  com.alibaba.nacos.client.naming - [DEREGISTER-SERVICE] mall deregistering service mall-kv with instance: Instance{instanceId='null', ip='192.168.32.1', port=8084, weight=1.0, healthy=true, enabled=true, ephemeral=true, clusterName='DEFAULT', serviceName='null', metadata={}}
2025-03-04 21:30:09.988 [SpringApplicationShutdownHook] INFO  c.a.cloud.nacos.registry.NacosServiceRegistry - De-registration finished.
2025-03-04 21:30:09.988 [SpringApplicationShutdownHook] INFO  com.alibaba.nacos.client.naming - com.alibaba.nacos.client.naming.cache.ServiceInfoHolder do shutdown begin
2025-03-04 21:30:09.989 [SpringApplicationShutdownHook] INFO  com.alibaba.nacos.client.naming - com.alibaba.nacos.client.naming.backups.FailoverReactor do shutdown begin
2025-03-04 21:30:09.989 [SpringApplicationShutdownHook] INFO  com.alibaba.nacos.client.naming - com.alibaba.nacos.client.naming.backups.FailoverReactor do shutdown stop
2025-03-04 21:30:09.989 [SpringApplicationShutdownHook] INFO  com.alibaba.nacos.client.naming - com.alibaba.nacos.client.naming.cache.ServiceInfoHolder do shutdown stop
2025-03-04 21:30:09.989 [SpringApplicationShutdownHook] INFO  com.alibaba.nacos.client.naming - com.alibaba.nacos.client.naming.remote.NamingClientProxyDelegate do shutdown begin
2025-03-04 21:30:09.989 [SpringApplicationShutdownHook] INFO  com.alibaba.nacos.client.naming - com.alibaba.nacos.client.naming.core.ServiceInfoUpdateService do shutdown begin
2025-03-04 21:30:09.989 [SpringApplicationShutdownHook] INFO  com.alibaba.nacos.client.naming - com.alibaba.nacos.client.naming.core.ServiceInfoUpdateService do shutdown stop
2025-03-04 21:30:09.989 [SpringApplicationShutdownHook] INFO  com.alibaba.nacos.client.naming - com.alibaba.nacos.client.naming.core.ServerListManager do shutdown begin
2025-03-04 21:30:09.990 [SpringApplicationShutdownHook] WARN  com.alibaba.nacos.client.naming - [NamingHttpClientManager] Start destroying NacosRestTemplate
2025-03-04 21:30:09.991 [SpringApplicationShutdownHook] WARN  com.alibaba.nacos.client.naming - [NamingHttpClientManager] Destruction of the end
2025-03-04 21:30:09.992 [SpringApplicationShutdownHook] INFO  com.alibaba.nacos.client.naming - com.alibaba.nacos.client.naming.core.ServerListManager do shutdown stop
2025-03-04 21:30:09.993 [SpringApplicationShutdownHook] INFO  com.alibaba.nacos.client.naming - com.alibaba.nacos.client.naming.remote.http.NamingHttpClientProxy do shutdown begin
2025-03-04 21:30:09.993 [SpringApplicationShutdownHook] WARN  com.alibaba.nacos.client.naming - [NamingHttpClientManager] Start destroying NacosRestTemplate
2025-03-04 21:30:09.993 [SpringApplicationShutdownHook] WARN  com.alibaba.nacos.client.naming - [NamingHttpClientManager] Destruction of the end
2025-03-04 21:30:09.993 [SpringApplicationShutdownHook] INFO  com.alibaba.nacos.client.naming - com.alibaba.nacos.client.naming.remote.http.NamingHttpClientProxy do shutdown stop
2025-03-04 21:30:09.993 [SpringApplicationShutdownHook] INFO  com.alibaba.nacos.common.remote.client - Shutdown rpc client, set status to shutdown
2025-03-04 21:30:09.993 [SpringApplicationShutdownHook] INFO  com.alibaba.nacos.common.remote.client - Shutdown client event executor java.util.concurrent.ScheduledThreadPoolExecutor@13082b1d[Running, pool size = 2, active threads = 2, queued tasks = 0, completed tasks = 0]
2025-03-04 21:30:09.993 [SpringApplicationShutdownHook] INFO  com.alibaba.nacos.common.remote.client - Close current connection 1741093781993_172.17.0.1_46690
2025-03-04 21:30:09.997 [nacos-grpc-client-executor-127.0.0.1-268] INFO  c.a.nacos.common.remote.client.grpc.GrpcClient - [1741093781993_172.17.0.1_46690]Ignore complete event,isRunning:false,isAbandon=false
2025-03-04 21:30:10.002 [SpringApplicationShutdownHook] INFO  c.a.nacos.common.remote.client.grpc.GrpcClient - Shutdown grpc executor java.util.concurrent.ThreadPoolExecutor@49ad1a51[Running, pool size = 4, active threads = 0, queued tasks = 0, completed tasks = 269]
2025-03-04 21:30:10.002 [SpringApplicationShutdownHook] INFO  com.alibaba.nacos.client.naming - Shutdown grpc redo service executor java.util.concurrent.ScheduledThreadPoolExecutor@73c3b33b[Running, pool size = 1, active threads = 0, queued tasks = 1, completed tasks = 407]
2025-03-04 21:30:10.005 [SpringApplicationShutdownHook] INFO  c.a.n.client.auth.ram.identify.CredentialWatcher - [null] CredentialWatcher is stopped
2025-03-04 21:30:10.005 [SpringApplicationShutdownHook] INFO  c.a.n.client.auth.ram.identify.CredentialService - [null] CredentialService is freed
2025-03-04 21:30:10.008 [SpringApplicationShutdownHook] INFO  com.alibaba.nacos.client.naming - com.alibaba.nacos.client.naming.remote.NamingClientProxyDelegate do shutdown stop
